2003.10.18 19:23 B C:\filmdevil\10-18\about.php <-- filmdevil /web about.php
2003.10.18 19:23 B C:\filmdevil\10-18\about_new.php <-- filmdevil /web about_new.php
2003.10.18 19:23 B C:\filmdevil\10-18\action.php <-- filmdevil /web action.php
2003.10.18 19:23 B C:\filmdevil\10-18\action_new.php <-- filmdevil /web action_new.php
2003.10.18 19:23 B C:\filmdevil\10-18\adminSimilarFests.php <-- filmdevil /web adminSimilarFests.php
2003.10.18 19:23 B C:\filmdevil\10-18\advanced_new.php <-- filmdevil /web advanced_new.php
2003.10.18 19:23 B C:\filmdevil\10-18\blank.htm <-- filmdevil /web blank.htm
2003.10.18 19:23 B C:\filmdevil\10-18\bottom1.php <-- filmdevil /web bottom1.php
2003.10.18 19:23 B C:\filmdevil\10-18\common.js <-- filmdevil /web common.js
2003.10.18 19:23 B C:\filmdevil\10-18\config.php <-- filmdevil /web config.php
2003.10.18 19:23 B C:\filmdevil\10-18\contact1.php <-- filmdevil /web contact1.php
2003.10.18 19:23 B C:\filmdevil\10-18\contact2.php <-- filmdevil /web contact2.php
2003.10.18 19:23 B C:\filmdevil\10-18\contactFest1.php <-- filmdevil /web contactFest1.php
2003.10.18 19:23 B C:\filmdevil\10-18\contactFest2.php <-- filmdevil /web contactFest2.php
2003.10.18 19:23 B C:\filmdevil\10-18\contactUser1.php <-- filmdevil /web contactUser1.php
2003.10.18 19:23 B C:\filmdevil\10-18\contactUser2.php <-- filmdevil /web contactUser2.php
2003.10.18 19:23 B C:\filmdevil\10-18\createFestLogin.php <-- filmdevil /web createFestLogin.php
2003.10.18 19:23 B C:\filmdevil\10-18\createLocationBox.php <-- filmdevil /web createLocationBox.php
2003.10.18 19:23 B C:\filmdevil\10-18\createSearchTemp.php <-- filmdevil /web createSearchTemp.php
2003.10.18 19:23 B C:\filmdevil\10-18\dbFunctions.php <-- filmdevil /web dbFunctions.php
2003.10.18 19:23 B C:\filmdevil\10-18\deleteFest.php <-- filmdevil /web deleteFest.php
2003.10.18 19:23 B C:\filmdevil\10-18\devil2-color.php <-- filmdevil /web devil2-color.php
2003.10.18 19:23 B C:\filmdevil\10-18\editUser.php <-- filmdevil /web editUser.php
2003.10.18 19:23 B C:\filmdevil\10-18\editUser2.php <-- filmdevil /web editUser2.php
2003.10.18 19:23 B C:\filmdevil\10-18\emailLog.php <-- filmdevil /web emailLog.php
2003.10.18 19:23 B C:\filmdevil\10-18\festList.php <-- filmdevil /web festList.php
2003.10.18 19:23 B C:\filmdevil\10-18\festMenu.php <-- filmdevil /web festMenu.php
2003.10.18 19:23 B C:\filmdevil\10-18\festRedirect.php <-- filmdevil /web festRedirect.php
2003.10.18 19:23 B C:\filmdevil\10-18\findDOM.js <-- filmdevil /web findDOM.js
2003.10.18 19:23 B C:\filmdevil\10-18\findDOMNested.js <-- filmdevil /web findDOMNested.js
2003.10.18 19:23 B C:\filmdevil\10-18\footer-old.php <-- filmdevil /web footer-old.php
2003.10.18 19:23 B C:\filmdevil\10-18\footer.php <-- filmdevil /web footer.php
2003.10.18 19:23 B C:\filmdevil\10-18\frame1.php <-- filmdevil /web frame1.php
2003.10.18 19:23 B C:\filmdevil\10-18\front.php <-- filmdevil /web front.php
2003.10.18 19:23 B C:\filmdevil\10-18\generateSimilarFestivals.php <-- filmdevil /web generateSimilarFestivals.php
2003.10.18 19:23 B C:\filmdevil\10-18\gzdoc.php <-- filmdevil /web gzdoc.php
2003.10.18 19:23 B C:\filmdevil\10-18\header.php <-- filmdevil /web header.php
2003.10.18 19:23 B C:\filmdevil\10-18\help.php <-- filmdevil /web help.php
2003.10.18 19:23 B C:\filmdevil\10-18\help_new.php <-- filmdevil /web help_new.php
2003.10.18 19:23 B C:\filmdevil\10-18\HelpMenu.php <-- filmdevil /web HelpMenu.php
2003.10.18 19:23 B C:\filmdevil\10-18\include.php <-- filmdevil /web include.php
2003.10.18 19:23 B C:\filmdevil\10-18\index.php <-- filmdevil /web index.php
2003.10.18 19:23 B C:\filmdevil\10-18\index2.php <-- filmdevil /web index2.php
2003.10.18 19:23 B C:\filmdevil\10-18\index3.php <-- filmdevil /web index3.php
2003.10.18 19:23 B C:\filmdevil\10-18\index4.php <-- filmdevil /web index4.php
2003.10.18 19:23 B C:\filmdevil\10-18\index_new.php <-- filmdevil /web index_new.php
2003.10.18 19:23 B C:\filmdevil\10-18\indexTop.php <-- filmdevil /web indexTop.php
2003.10.18 19:23 B C:\filmdevil\10-18\info.php <-- filmdevil /web info.php
2003.10.18 19:23 B C:\filmdevil\10-18\info.php-old <-- filmdevil /web info.php-old
2003.10.18 19:23 B C:\filmdevil\10-18\info2.php <-- filmdevil /web info2.php
2003.10.18 19:23 B C:\filmdevil\10-18\info_new.php <-- filmdevil /web info_new.php
2003.10.18 19:23 B C:\filmdevil\10-18\left1.php <-- filmdevil /web left1.php
2003.10.18 19:23 B C:\filmdevil\10-18\leftbottom1.php <-- filmdevil /web leftbottom1.php
2003.10.18 19:23 B C:\filmdevil\10-18\lefttop.php <-- filmdevil /web lefttop.php
2003.10.18 19:23 B C:\filmdevil\10-18\lefttop1.php <-- filmdevil /web lefttop1.php
2003.10.18 19:23 B C:\filmdevil\10-18\listAllFests.php <-- filmdevil /web listAllFests.php
2003.10.18 19:23 B C:\filmdevil\10-18\listing.php <-- filmdevil /web listing.php
2003.10.18 19:23 B C:\filmdevil\10-18\listing.php-old <-- filmdevil /web listing.php-old
2003.10.18 19:23 B C:\filmdevil\10-18\listing_new.php <-- filmdevil /web listing_new.php
2003.10.18 19:23 B C:\filmdevil\10-18\listing_new_test.php <-- filmdevil /web listing_new_test.php
2003.10.18 19:23 B C:\filmdevil\10-18\locasepass.php <-- filmdevil /web locasepass.php
2003.10.18 19:23 B C:\filmdevil\10-18\login.php <-- filmdevil /web login.php
2003.10.18 19:23 B C:\filmdevil\10-18\login2.php <-- filmdevil /web login2.php
2003.10.18 19:23 B C:\filmdevil\10-18\login3.php <-- filmdevil /web login3.php
2003.10.18 19:23 B C:\filmdevil\10-18\login4.php <-- filmdevil /web login4.php
2003.10.18 19:23 B C:\filmdevil\10-18\login5.php <-- filmdevil /web login5.php
2003.10.18 19:23 B C:\filmdevil\10-18\login6.php <-- filmdevil /web login6.php
2003.10.18 19:23 B C:\filmdevil\10-18\login7.php <-- filmdevil /web login7.php
2003.10.18 19:23 B C:\filmdevil\10-18\loginUser.php <-- filmdevil /web loginUser.php
2003.10.18 19:23 B C:\filmdevil\10-18\loginUser2.php <-- filmdevil /web loginUser2.php
2003.10.18 19:23 B C:\filmdevil\10-18\loginUserPage.php <-- filmdevil /web loginUserPage.php
2003.10.18 19:23 B C:\filmdevil\10-18\logout.php <-- filmdevil /web logout.php
2003.10.18 19:23 B C:\filmdevil\10-18\midframe.php <-- filmdevil /web midframe.php
2003.10.18 19:23 B C:\filmdevil\10-18\mouseTrack.js <-- filmdevil /web mouseTrack.js
2003.10.18 19:23 B C:\filmdevil\10-18\newtop.php <-- filmdevil /web newtop.php
2003.10.18 19:23 B C:\filmdevil\10-18\paypalReturn.php <-- filmdevil /web paypalReturn.php
2003.10.18 19:23 B C:\filmdevil\10-18\prelogin.php <-- filmdevil /web prelogin.php
2003.10.18 19:23 B C:\filmdevil\10-18\promoteFest.php <-- filmdevil /web promoteFest.php
2003.10.18 19:23 B C:\filmdevil\10-18\quicksearch.js <-- filmdevil /web quicksearch.js
2003.10.18 19:23 B C:\filmdevil\10-18\reviews.php <-- filmdevil /web reviews.php
2003.10.18 19:23 B C:\filmdevil\10-18\right1.php <-- filmdevil /web right1.php
2003.10.18 19:23 B C:\filmdevil\10-18\rightbottom1.php <-- filmdevil /web rightbottom1.php
2003.10.18 19:23 B C:\filmdevil\10-18\righttop1.php <-- filmdevil /web righttop1.php
2003.10.18 19:23 B C:\filmdevil\10-18\search.php <-- filmdevil /web search.php
2003.10.18 19:23 B C:\filmdevil\10-18\search.php-old <-- filmdevil /web search.php-old
2003.10.18 19:23 B C:\filmdevil\10-18\search_footer.php <-- filmdevil /web search_footer.php
2003.10.18 19:23 B C:\filmdevil\10-18\searchFrameset.php <-- filmdevil /web searchFrameset.php
2003.10.18 19:23 B C:\filmdevil\10-18\searchTemp.php <-- filmdevil /web searchTemp.php
2003.10.18 19:23 B C:\filmdevil\10-18\session.php <-- filmdevil /web session.php
2003.10.18 19:23 B C:\filmdevil\10-18\showError.php <-- filmdevil /web showError.php
2003.10.18 19:23 B C:\filmdevil\10-18\showFestSwitch.php <-- filmdevil /web showFestSwitch.php
2003.10.18 19:23 B C:\filmdevil\10-18\showPromotions.php <-- filmdevil /web showPromotions.php
2003.10.18 19:23 B C:\filmdevil\10-18\similarFests.php <-- filmdevil /web similarFests.php
2003.10.18 19:23 B C:\filmdevil\10-18\termsOfUse.php <-- filmdevil /web termsOfUse.php
2003.10.18 19:23 B C:\filmdevil\10-18\test.php <-- filmdevil /web test.php
2003.10.18 19:23 B C:\filmdevil\10-18\thankreview.php <-- filmdevil /web thankreview.php
2003.10.18 19:23 B C:\filmdevil\10-18\thanks.php <-- filmdevil /web thanks.php
2003.10.18 19:23 B C:\filmdevil\10-18\todo.php <-- filmdevil /web todo.php
2003.10.18 19:23 B C:\filmdevil\10-18\top.php <-- filmdevil /web top.php
2003.10.18 19:23 B C:\filmdevil\10-18\top1.php <-- filmdevil /web top1.php
2003.10.18 19:23 B C:\filmdevil\10-18\verifyFestEdit.php <-- filmdevil /web verifyFestEdit.php
2003.10.18 19:23 B C:\filmdevil\10-18\verifyPurchase.php <-- filmdevil /web verifyPurchase.php
2003.10.18 19:23 B C:\filmdevil\10-18\welcome.php <-- filmdevil /web welcome.php
2003.10.18 19:23 B C:\filmdevil\10-18\welcomeAdmin.php <-- filmdevil /web welcomeAdmin.php
2003.10.18 19:23 B C:\filmdevil\10-18\welcomeFest.php <-- filmdevil /web welcomeFest.php
2003.10.18 19:23 B C:\filmdevil\10-18\welcomeUser.php <-- filmdevil /web welcomeUser.php
2003.10.18 19:23 B C:\filmdevil\10-18\wholetop.jpg <-- filmdevil /web wholetop.jpg
2003.10.18 19:23 B C:\filmdevil\10-18\writereview.php <-- filmdevil /web writereview.php
2003.10.18 19:24 B C:\filmdevil\10-18\C:\Documents and Settings\jeff\Desktop\jesse 16 10 2003\Projects\filmdevil\web\mouseTrack.js --> ftp.filmdevil.com /web mouseTrack.js
2003.10.18 19:24 B C:\filmdevil\10-18\C:\Documents and Settings\jeff\Desktop\jesse 16 10 2003\Projects\filmdevil\web\about.php --> ftp.filmdevil.com /web about.php
2003.10.18 19:24 B C:\filmdevil\10-18\C:\Documents and Settings\jeff\Desktop\jesse 16 10 2003\Projects\filmdevil\web\action.php --> ftp.filmdevil.com /web action.php
2003.10.18 19:24 B C:\filmdevil\10-18\C:\Documents and Settings\jeff\Desktop\jesse 16 10 2003\Projects\filmdevil\web\adminSimilarFests.php --> ftp.filmdevil.com /web adminSimilarFests.php
2003.10.18 19:24 B C:\filmdevil\10-18\C:\Documents and Settings\jeff\Desktop\jesse 16 10 2003\Projects\filmdevil\web\bottom1.php --> ftp.filmdevil.com /web bottom1.php
2003.10.18 19:24 B C:\filmdevil\10-18\C:\Documents and Settings\jeff\Desktop\jesse 16 10 2003\Projects\filmdevil\web\contact1.php --> ftp.filmdevil.com /web contact1.php
2003.10.18 19:24 B C:\filmdevil\10-18\C:\Documents and Settings\jeff\Desktop\jesse 16 10 2003\Projects\filmdevil\web\contact2.php --> ftp.filmdevil.com /web contact2.php
2003.10.18 19:24 B C:\filmdevil\10-18\C:\Documents and Settings\jeff\Desktop\jesse 16 10 2003\Projects\filmdevil\web\contactFest1.php --> ftp.filmdevil.com /web contactFest1.php
2003.10.18 19:24 B C:\filmdevil\10-18\C:\Documents and Settings\jeff\Desktop\jesse 16 10 2003\Projects\filmdevil\web\contactFest2.php --> ftp.filmdevil.com /web contactFest2.php
2003.10.18 19:24 B C:\filmdevil\10-18\C:\Documents and Settings\jeff\Desktop\jesse 16 10 2003\Projects\filmdevil\web\contactUser1.php --> ftp.filmdevil.com /web contactUser1.php
2003.10.18 19:24 B C:\filmdevil\10-18\C:\Documents and Settings\jeff\Desktop\jesse 16 10 2003\Projects\filmdevil\web\contactUser2.php --> ftp.filmdevil.com /web contactUser2.php
2003.10.18 19:24 B C:\filmdevil\10-18\C:\Documents and Settings\jeff\Desktop\jesse 16 10 2003\Projects\filmdevil\web\createFestLogin.php --> ftp.filmdevil.com /web createFestLogin.php
2003.10.18 19:24 B C:\filmdevil\10-18\C:\Documents and Settings\jeff\Desktop\jesse 16 10 2003\Projects\filmdevil\web\createLocationBox.php --> ftp.filmdevil.com /web createLocationBox.php
2003.10.18 19:24 B C:\filmdevil\10-18\C:\Documents and Settings\jeff\Desktop\jesse 16 10 2003\Projects\filmdevil\web\dbFunctions.php --> ftp.filmdevil.com /web dbFunctions.php
2003.10.18 19:24 B C:\filmdevil\10-18\C:\Documents and Settings\jeff\Desktop\jesse 16 10 2003\Projects\filmdevil\web\deleteFest.php --> ftp.filmdevil.com /web deleteFest.php
2003.10.18 19:24 B C:\filmdevil\10-18\C:\Documents and Settings\jeff\Desktop\jesse 16 10 2003\Projects\filmdevil\web\editUser2.php --> ftp.filmdevil.com /web editUser2.php
2003.10.18 19:24 B C:\filmdevil\10-18\C:\Documents and Settings\jeff\Desktop\jesse 16 10 2003\Projects\filmdevil\web\editUser.php --> ftp.filmdevil.com /web editUser.php
2003.10.18 19:24 B C:\filmdevil\10-18\C:\Documents and Settings\jeff\Desktop\jesse 16 10 2003\Projects\filmdevil\web\emailLog.php --> ftp.filmdevil.com /web emailLog.php
2003.10.18 19:24 B C:\filmdevil\10-18\C:\Documents and Settings\jeff\Desktop\jesse 16 10 2003\Projects\filmdevil\web\festList.php --> ftp.filmdevil.com /web festList.php
2003.10.18 19:24 B C:\filmdevil\10-18\C:\Documents and Settings\jeff\Desktop\jesse 16 10 2003\Projects\filmdevil\web\festListEmails.php --> ftp.filmdevil.com /web festListEmails.php
2003.10.18 19:24 B C:\filmdevil\10-18\C:\Documents and Settings\jeff\Desktop\jesse 16 10 2003\Projects\filmdevil\web\festMenu.php --> ftp.filmdevil.com /web festMenu.php
2003.10.18 19:24 B C:\filmdevil\10-18\C:\Documents and Settings\jeff\Desktop\jesse 16 10 2003\Projects\filmdevil\web\festRedirect.php --> ftp.filmdevil.com /web festRedirect.php
2003.10.18 19:24 B C:\filmdevil\10-18\C:\Documents and Settings\jeff\Desktop\jesse 16 10 2003\Projects\filmdevil\web\footer.php --> ftp.filmdevil.com /web footer.php
2003.10.18 19:24 B C:\filmdevil\10-18\C:\Documents and Settings\jeff\Desktop\jesse 16 10 2003\Projects\filmdevil\web\front.php --> ftp.filmdevil.com /web front.php
2003.10.18 19:24 B C:\filmdevil\10-18\C:\Documents and Settings\jeff\Desktop\jesse 16 10 2003\Projects\filmdevil\web\generateSimilarFestivals.php --> ftp.filmdevil.com /web generateSimilarFestivals.php
2003.10.18 19:24 B C:\filmdevil\10-18\C:\Documents and Settings\jeff\Desktop\jesse 16 10 2003\Projects\filmdevil\web\gzdoc.php --> ftp.filmdevil.com /web gzdoc.php
2003.10.18 19:24 B C:\filmdevil\10-18\C:\Documents and Settings\jeff\Desktop\jesse 16 10 2003\Projects\filmdevil\web\header.php --> ftp.filmdevil.com /web header.php
2003.10.18 19:24 B C:\filmdevil\10-18\C:\Documents and Settings\jeff\Desktop\jesse 16 10 2003\Projects\filmdevil\web\help.php --> ftp.filmdevil.com /web help.php
2003.10.18 19:24 B C:\filmdevil\10-18\C:\Documents and Settings\jeff\Desktop\jesse 16 10 2003\Projects\filmdevil\web\HelpMenu.php --> ftp.filmdevil.com /web HelpMenu.php
2003.10.18 19:24 B C:\filmdevil\10-18\C:\Documents and Settings\jeff\Desktop\jesse 16 10 2003\Projects\filmdevil\web\index.php --> ftp.filmdevil.com /web index.php
2003.10.18 19:24 B C:\filmdevil\10-18\C:\Documents and Settings\jeff\Desktop\jesse 16 10 2003\Projects\filmdevil\web\indexTop.php --> ftp.filmdevil.com /web indexTop.php
2003.10.18 19:24 B C:\filmdevil\10-18\C:\Documents and Settings\jeff\Desktop\jesse 16 10 2003\Projects\filmdevil\web\info.php --> ftp.filmdevil.com /web info.php
2003.10.18 19:24 B C:\filmdevil\10-18\C:\Documents and Settings\jeff\Desktop\jesse 16 10 2003\Projects\filmdevil\web\listAllFests.php --> ftp.filmdevil.com /web listAllFests.php
2003.10.18 19:24 B C:\filmdevil\10-18\C:\Documents and Settings\jeff\Desktop\jesse 16 10 2003\Projects\filmdevil\web\listing.php --> ftp.filmdevil.com /web listing.php
2003.10.18 19:24 B C:\filmdevil\10-18\C:\Documents and Settings\jeff\Desktop\jesse 16 10 2003\Projects\filmdevil\web\locasepass.php --> ftp.filmdevil.com /web locasepass.php
2003.10.18 19:24 B C:\filmdevil\10-18\C:\Documents and Settings\jeff\Desktop\jesse 16 10 2003\Projects\filmdevil\web\login2.php --> ftp.filmdevil.com /web login2.php
2003.10.18 19:24 B C:\filmdevil\10-18\C:\Documents and Settings\jeff\Desktop\jesse 16 10 2003\Projects\filmdevil\web\login3.php --> ftp.filmdevil.com /web login3.php
2003.10.18 19:24 B C:\filmdevil\10-18\C:\Documents and Settings\jeff\Desktop\jesse 16 10 2003\Projects\filmdevil\web\login4.php --> ftp.filmdevil.com /web login4.php
2003.10.18 19:24 B C:\filmdevil\10-18\C:\Documents and Settings\jeff\Desktop\jesse 16 10 2003\Projects\filmdevil\web\login5.php --> ftp.filmdevil.com /web login5.php
2003.10.18 19:24 B C:\filmdevil\10-18\C:\Documents and Settings\jeff\Desktop\jesse 16 10 2003\Projects\filmdevil\web\login6.php --> ftp.filmdevil.com /web login6.php
2003.10.18 19:24 B C:\filmdevil\10-18\C:\Documents and Settings\jeff\Desktop\jesse 16 10 2003\Projects\filmdevil\web\login7.php --> ftp.filmdevil.com /web login7.php
2003.10.18 19:24 B C:\filmdevil\10-18\C:\Documents and Settings\jeff\Desktop\jesse 16 10 2003\Projects\filmdevil\web\login.php --> ftp.filmdevil.com /web login.php
2003.10.18 19:24 B C:\filmdevil\10-18\C:\Documents and Settings\jeff\Desktop\jesse 16 10 2003\Projects\filmdevil\web\loginUser2.php --> ftp.filmdevil.com /web loginUser2.php
2003.10.18 19:24 B C:\filmdevil\10-18\C:\Documents and Settings\jeff\Desktop\jesse 16 10 2003\Projects\filmdevil\web\loginUser.php --> ftp.filmdevil.com /web loginUser.php
2003.10.18 19:24 B C:\filmdevil\10-18\C:\Documents and Settings\jeff\Desktop\jesse 16 10 2003\Projects\filmdevil\web\loginUserPage.php --> ftp.filmdevil.com /web loginUserPage.php
2003.10.18 19:24 B C:\filmdevil\10-18\C:\Documents and Settings\jeff\Desktop\jesse 16 10 2003\Projects\filmdevil\web\logout.php --> ftp.filmdevil.com /web logout.php
2003.10.18 19:24 B C:\filmdevil\10-18\C:\Documents and Settings\jeff\Desktop\jesse 16 10 2003\Projects\filmdevil\web\midframe.php --> ftp.filmdevil.com /web midframe.php
2003.10.18 19:24 B C:\filmdevil\10-18\C:\Documents and Settings\jeff\Desktop\jesse 16 10 2003\Projects\filmdevil\web\paypalReturn.php --> ftp.filmdevil.com /web paypalReturn.php
2003.10.18 19:24 B C:\filmdevil\10-18\C:\Documents and Settings\jeff\Desktop\jesse 16 10 2003\Projects\filmdevil\web\prelogin.php --> ftp.filmdevil.com /web prelogin.php
2003.10.18 19:24 B C:\filmdevil\10-18\C:\Documents and Settings\jeff\Desktop\jesse 16 10 2003\Projects\filmdevil\web\promoteFest.php --> ftp.filmdevil.com /web promoteFest.php
2003.10.18 19:24 B C:\filmdevil\10-18\C:\Documents and Settings\jeff\Desktop\jesse 16 10 2003\Projects\filmdevil\web\search.php --> ftp.filmdevil.com /web search.php
2003.10.18 19:24 B C:\filmdevil\10-18\C:\Documents and Settings\jeff\Desktop\jesse 16 10 2003\Projects\filmdevil\web\searchFrameset.php --> ftp.filmdevil.com /web searchFrameset.php
2003.10.18 19:24 B C:\filmdevil\10-18\C:\Documents and Settings\jeff\Desktop\jesse 16 10 2003\Projects\filmdevil\web\session.php --> ftp.filmdevil.com /web session.php
2003.10.18 19:24 B C:\filmdevil\10-18\C:\Documents and Settings\jeff\Desktop\jesse 16 10 2003\Projects\filmdevil\web\showError.php --> ftp.filmdevil.com /web showError.php
2003.10.18 19:24 B C:\filmdevil\10-18\C:\Documents and Settings\jeff\Desktop\jesse 16 10 2003\Projects\filmdevil\web\showFestSwitch.php --> ftp.filmdevil.com /web showFestSwitch.php
2003.10.18 19:24 B C:\filmdevil\10-18\C:\Documents and Settings\jeff\Desktop\jesse 16 10 2003\Projects\filmdevil\web\showPromotions.php --> ftp.filmdevil.com /web showPromotions.php
2003.10.18 19:24 B C:\filmdevil\10-18\C:\Documents and Settings\jeff\Desktop\jesse 16 10 2003\Projects\filmdevil\web\similarFests.php --> ftp.filmdevil.com /web similarFests.php
2003.10.18 19:24 B C:\filmdevil\10-18\C:\Documents and Settings\jeff\Desktop\jesse 16 10 2003\Projects\filmdevil\web\termsOfUse.php --> ftp.filmdevil.com /web termsOfUse.php
2003.10.18 19:24 B C:\filmdevil\10-18\C:\Documents and Settings\jeff\Desktop\jesse 16 10 2003\Projects\filmdevil\web\test.php --> ftp.filmdevil.com /web test.php
2003.10.18 19:24 B C:\filmdevil\10-18\C:\Documents and Settings\jeff\Desktop\jesse 16 10 2003\Projects\filmdevil\web\thankreview.php --> ftp.filmdevil.com /web thankreview.php
2003.10.18 19:24 B C:\filmdevil\10-18\C:\Documents and Settings\jeff\Desktop\jesse 16 10 2003\Projects\filmdevil\web\thanks.php --> ftp.filmdevil.com /web thanks.php
2003.10.18 19:24 B C:\filmdevil\10-18\C:\Documents and Settings\jeff\Desktop\jesse 16 10 2003\Projects\filmdevil\web\todo.php --> ftp.filmdevil.com /web todo.php
2003.10.18 19:24 B C:\filmdevil\10-18\C:\Documents and Settings\jeff\Desktop\jesse 16 10 2003\Projects\filmdevil\web\top.php --> ftp.filmdevil.com /web top.php
2003.10.18 19:24 B C:\filmdevil\10-18\C:\Documents and Settings\jeff\Desktop\jesse 16 10 2003\Projects\filmdevil\web\verifyFestEdit.php --> ftp.filmdevil.com /web verifyFestEdit.php
2003.10.18 19:24 B C:\filmdevil\10-18\C:\Documents and Settings\jeff\Desktop\jesse 16 10 2003\Projects\filmdevil\web\verifyPurchase.php --> ftp.filmdevil.com /web verifyPurchase.php
2003.10.18 19:24 B C:\filmdevil\10-18\C:\Documents and Settings\jeff\Desktop\jesse 16 10 2003\Projects\filmdevil\web\welcomeAdmin.php --> ftp.filmdevil.com /web welcomeAdmin.php
2003.10.18 19:24 B C:\filmdevil\10-18\C:\Documents and Settings\jeff\Desktop\jesse 16 10 2003\Projects\filmdevil\web\welcomeFest.php --> ftp.filmdevil.com /web welcomeFest.php
2003.10.18 19:24 B C:\filmdevil\10-18\C:\Documents and Settings\jeff\Desktop\jesse 16 10 2003\Projects\filmdevil\web\welcomeUser.php --> ftp.filmdevil.com /web welcomeUser.php
2003.10.18 19:24 B C:\filmdevil\10-18\C:\Documents and Settings\jeff\Desktop\jesse 16 10 2003\Projects\filmdevil\web\writereview.php --> ftp.filmdevil.com /web writereview.php
2003.10.18 19:24 B C:\filmdevil\10-18\C:\Documents and Settings\jeff\Desktop\jesse 16 10 2003\Projects\filmdevil\web\styles --> ftp.filmdevil.com /web styles
