2003.10.18 19:23 B C:\filmdevil\10-18\images\aboutus.gif <-- filmdevil /web/images aboutus.gif
2003.10.18 19:23 B C:\filmdevil\10-18\images\advertise.gif <-- filmdevil /web/images advertise.gif
2003.10.18 19:23 B C:\filmdevil\10-18\images\animation.gif <-- filmdevil /web/images animation.gif
2003.10.18 19:23 B C:\filmdevil\10-18\images\bg.gif <-- filmdevil /web/images bg.gif
2003.10.18 19:23 B C:\filmdevil\10-18\images\bg2.gif <-- filmdevil /web/images bg2.gif
2003.10.18 19:23 B C:\filmdevil\10-18\images\bgbig.gif <-- filmdevil /web/images bgbig.gif
2003.10.18 19:23 B C:\filmdevil\10-18\images\bottom.jpg <-- filmdevil /web/images bottom.jpg
2003.10.18 19:23 B C:\filmdevil\10-18\images\bottom2.jpg <-- filmdevil /web/images bottom2.jpg
2003.10.18 19:23 B C:\filmdevil\10-18\images\col3BG.gif <-- filmdevil /web/images col3BG.gif
2003.10.18 19:23 B C:\filmdevil\10-18\images\construction.jpg <-- filmdevil /web/images construction.jpg
2003.10.18 19:23 B C:\filmdevil\10-18\images\corner.jpg <-- filmdevil /web/images corner.jpg
2003.10.18 19:23 B C:\filmdevil\10-18\images\devil.jpg <-- filmdevil /web/images devil.jpg
2003.10.18 19:23 B C:\filmdevil\10-18\images\devil2.jpg <-- filmdevil /web/images devil2.jpg
2003.10.18 19:23 B C:\filmdevil\10-18\images\goo.jpg <-- filmdevil /web/images goo.jpg
2003.10.18 19:23 B C:\filmdevil\10-18\images\google.gif <-- filmdevil /web/images google.gif
2003.10.18 19:23 B C:\filmdevil\10-18\images\google.jpg <-- filmdevil /web/images google.jpg
2003.10.18 19:23 B C:\filmdevil\10-18\images\googleo.jpg <-- filmdevil /web/images googleo.jpg
2003.10.18 19:23 B C:\filmdevil\10-18\images\help.gif <-- filmdevil /web/images help.gif
2003.10.18 19:23 B C:\filmdevil\10-18\images\helpover.gif <-- filmdevil /web/images helpover.gif
2003.10.18 19:23 B C:\filmdevil\10-18\images\icon0.gif <-- filmdevil /web/images icon0.gif
2003.10.18 19:23 B C:\filmdevil\10-18\images\icon0big.gif <-- filmdevil /web/images icon0big.gif
2003.10.18 19:23 B C:\filmdevil\10-18\images\icon1.gif <-- filmdevil /web/images icon1.gif
2003.10.18 19:23 B C:\filmdevil\10-18\images\icon1big.gif <-- filmdevil /web/images icon1big.gif
2003.10.18 19:23 B C:\filmdevil\10-18\images\icon1white.gif <-- filmdevil /web/images icon1white.gif
2003.10.18 19:23 B C:\filmdevil\10-18\images\icon2.gif <-- filmdevil /web/images icon2.gif
2003.10.18 19:23 B C:\filmdevil\10-18\images\icon2big.gif <-- filmdevil /web/images icon2big.gif
2003.10.18 19:23 B C:\filmdevil\10-18\images\icon2white.gif <-- filmdevil /web/images icon2white.gif
2003.10.18 19:23 B C:\filmdevil\10-18\images\icon3.gif <-- filmdevil /web/images icon3.gif
2003.10.18 19:23 B C:\filmdevil\10-18\images\icon3big.gif <-- filmdevil /web/images icon3big.gif
2003.10.18 19:23 B C:\filmdevil\10-18\images\icon3white.gif <-- filmdevil /web/images icon3white.gif
2003.10.18 19:23 B C:\filmdevil\10-18\images\icon4.gif <-- filmdevil /web/images icon4.gif
2003.10.18 19:23 B C:\filmdevil\10-18\images\icon4big.gif <-- filmdevil /web/images icon4big.gif
2003.10.18 19:23 B C:\filmdevil\10-18\images\icon4white.gif <-- filmdevil /web/images icon4white.gif
2003.10.18 19:23 B C:\filmdevil\10-18\images\icon5.gif <-- filmdevil /web/images icon5.gif
2003.10.18 19:23 B C:\filmdevil\10-18\images\icon5big.gif <-- filmdevil /web/images icon5big.gif
2003.10.18 19:23 B C:\filmdevil\10-18\images\icon5white.gif <-- filmdevil /web/images icon5white.gif
2003.10.18 19:23 B C:\filmdevil\10-18\images\info.gif <-- filmdevil /web/images info.gif
2003.10.18 19:23 B C:\filmdevil\10-18\images\left.jpg <-- filmdevil /web/images left.jpg
2003.10.18 19:23 B C:\filmdevil\10-18\images\left2.jpg <-- filmdevil /web/images left2.jpg
2003.10.18 19:23 B C:\filmdevil\10-18\images\leftbanner1.gif <-- filmdevil /web/images leftbanner1.gif
2003.10.18 19:23 B C:\filmdevil\10-18\images\leftbanner2.gif <-- filmdevil /web/images leftbanner2.gif
2003.10.18 19:23 B C:\filmdevil\10-18\images\leftbanner2over.gif <-- filmdevil /web/images leftbanner2over.gif
2003.10.18 19:23 B C:\filmdevil\10-18\images\leftbanner3.gif <-- filmdevil /web/images leftbanner3.gif
2003.10.18 19:23 B C:\filmdevil\10-18\images\leftbanner3over.gif <-- filmdevil /web/images leftbanner3over.gif
2003.10.18 19:23 B C:\filmdevil\10-18\images\leftbanner4.gif <-- filmdevil /web/images leftbanner4.gif
2003.10.18 19:23 B C:\filmdevil\10-18\images\leftbanner4over.gif <-- filmdevil /web/images leftbanner4over.gif
2003.10.18 19:23 B C:\filmdevil\10-18\images\leftbottom.jpg <-- filmdevil /web/images leftbottom.jpg
2003.10.18 19:23 B C:\filmdevil\10-18\images\leftbottom2.jpg <-- filmdevil /web/images leftbottom2.jpg
2003.10.18 19:23 B C:\filmdevil\10-18\images\leftlogo.gif <-- filmdevil /web/images leftlogo.gif
2003.10.18 19:23 B C:\filmdevil\10-18\images\lefttop.jpg <-- filmdevil /web/images lefttop.jpg
2003.10.18 19:23 B C:\filmdevil\10-18\images\lefttop2.jpg <-- filmdevil /web/images lefttop2.jpg
2003.10.18 19:23 B C:\filmdevil\10-18\images\loading.gif <-- filmdevil /web/images loading.gif
2003.10.18 19:23 B C:\filmdevil\10-18\images\login1.gif <-- filmdevil /web/images login1.gif
2003.10.18 19:23 B C:\filmdevil\10-18\images\login2.gif <-- filmdevil /web/images login2.gif
2003.10.18 19:23 B C:\filmdevil\10-18\images\login3.gif <-- filmdevil /web/images login3.gif
2003.10.18 19:23 B C:\filmdevil\10-18\images\login4.gif <-- filmdevil /web/images login4.gif
2003.10.18 19:23 B C:\filmdevil\10-18\images\login5.gif <-- filmdevil /web/images login5.gif
2003.10.18 19:23 B C:\filmdevil\10-18\images\login6.gif <-- filmdevil /web/images login6.gif
2003.10.18 19:23 B C:\filmdevil\10-18\images\logo.jpg <-- filmdevil /web/images logo.jpg
2003.10.18 19:23 B C:\filmdevil\10-18\images\logo2.jpg <-- filmdevil /web/images logo2.jpg
2003.10.18 19:23 B C:\filmdevil\10-18\images\logosmall.jpg <-- filmdevil /web/images logosmall.jpg
2003.10.18 19:23 B C:\filmdevil\10-18\images\midbanner.gif <-- filmdevil /web/images midbanner.gif
2003.10.18 19:23 B C:\filmdevil\10-18\images\minmax.gif <-- filmdevil /web/images minmax.gif
2003.10.18 19:23 B C:\filmdevil\10-18\images\newlogo.jpg <-- filmdevil /web/images newlogo.jpg
2003.10.18 19:23 B C:\filmdevil\10-18\images\newtop.jpg <-- filmdevil /web/images newtop.jpg
2003.10.18 19:23 B C:\filmdevil\10-18\images\nextfest.gif <-- filmdevil /web/images nextfest.gif
2003.10.18 19:23 B C:\filmdevil\10-18\images\plainface.gif <-- filmdevil /web/images plainface.gif
2003.10.18 19:23 B C:\filmdevil\10-18\images\previousfest.gif <-- filmdevil /web/images previousfest.gif
2003.10.18 19:23 B C:\filmdevil\10-18\images\qdown.jpg <-- filmdevil /web/images qdown.jpg
2003.10.18 19:23 B C:\filmdevil\10-18\images\qup.jpg <-- filmdevil /web/images qup.jpg
2003.10.18 19:23 B C:\filmdevil\10-18\images\read.gif <-- filmdevil /web/images read.gif
2003.10.18 19:23 B C:\filmdevil\10-18\images\readwhite.gif <-- filmdevil /web/images readwhite.gif
2003.10.18 19:23 B C:\filmdevil\10-18\images\reviews.gif <-- filmdevil /web/images reviews.gif
2003.10.18 19:23 B C:\filmdevil\10-18\images\right.jpg <-- filmdevil /web/images right.jpg
2003.10.18 19:23 B C:\filmdevil\10-18\images\right2.jpg <-- filmdevil /web/images right2.jpg
2003.10.18 19:23 B C:\filmdevil\10-18\images\rightbanner1.gif <-- filmdevil /web/images rightbanner1.gif
2003.10.18 19:23 B C:\filmdevil\10-18\images\rightbanner2.gif <-- filmdevil /web/images rightbanner2.gif
2003.10.18 19:23 B C:\filmdevil\10-18\images\rightbanner2over.gif <-- filmdevil /web/images rightbanner2over.gif
2003.10.18 19:23 B C:\filmdevil\10-18\images\rightbanner3.gif <-- filmdevil /web/images rightbanner3.gif
2003.10.18 19:23 B C:\filmdevil\10-18\images\rightbanner3over.gif <-- filmdevil /web/images rightbanner3over.gif
2003.10.18 19:23 B C:\filmdevil\10-18\images\rightbanner4.gif <-- filmdevil /web/images rightbanner4.gif
2003.10.18 19:23 B C:\filmdevil\10-18\images\rightbottom.jpg <-- filmdevil /web/images rightbottom.jpg
2003.10.18 19:23 B C:\filmdevil\10-18\images\rightbottom2.jpg <-- filmdevil /web/images rightbottom2.jpg
2003.10.18 19:23 B C:\filmdevil\10-18\images\righttop.jpg <-- filmdevil /web/images righttop.jpg
2003.10.18 19:23 B C:\filmdevil\10-18\images\righttop2.jpg <-- filmdevil /web/images righttop2.jpg
2003.10.18 19:23 B C:\filmdevil\10-18\images\search.gif <-- filmdevil /web/images search.gif
2003.10.18 19:23 B C:\filmdevil\10-18\images\search2.gif <-- filmdevil /web/images search2.gif
2003.10.18 19:23 B C:\filmdevil\10-18\images\sep.jpg <-- filmdevil /web/images sep.jpg
2003.10.18 19:23 B C:\filmdevil\10-18\images\sep1.jpg <-- filmdevil /web/images sep1.jpg
2003.10.18 19:23 B C:\filmdevil\10-18\images\stfriend.gif <-- filmdevil /web/images stfriend.gif
2003.10.18 19:23 B C:\filmdevil\10-18\images\stfriendwhite.gif <-- filmdevil /web/images stfriendwhite.gif
2003.10.18 19:23 B C:\filmdevil\10-18\images\switchview.gif <-- filmdevil /web/images switchview.gif
2003.10.18 19:23 B C:\filmdevil\10-18\images\top.jpg <-- filmdevil /web/images top.jpg
2003.10.18 19:23 B C:\filmdevil\10-18\images\top.php <-- filmdevil /web/images top.php
2003.10.18 19:23 B C:\filmdevil\10-18\images\top2.jpg <-- filmdevil /web/images top2.jpg
2003.10.18 19:23 B C:\filmdevil\10-18\images\wholetop.jpg <-- filmdevil /web/images wholetop.jpg
2003.10.18 19:23 B C:\filmdevil\10-18\images\write.gif <-- filmdevil /web/images write.gif
2003.10.18 19:23 B C:\filmdevil\10-18\images\writewhite.gif <-- filmdevil /web/images writewhite.gif
